0 info it worked if it ends with ok
1 verbose cli [ '/usr/bin/node', '/usr/bin/npm', 'run', 'back' ]
2 info using npm@3.5.2
3 info using node@v8.10.0
4 verbose run-script [ 'preback', 'back', 'postback' ]
5 info lifecycle biljett-react@1.0.0~preback: biljett-react@1.0.0
6 silly lifecycle biljett-react@1.0.0~preback: no script for preback, continuing
7 info lifecycle biljett-react@1.0.0~back: biljett-react@1.0.0
8 verbose lifecycle biljett-react@1.0.0~back: unsafe-perm in lifecycle true
9 verbose lifecycle biljett-react@1.0.0~back: PATH: /usr/share/npm/bin/node-gyp-bin:/home/will/biljett-react/node_modules/.bin:/usr/share/npm/bin/node-gyp-bin:/home/will/biljett-react/node_modules/.bin:/home/will/biljett-react/env/bin:/home/will/bin:/home/will/.local/bin:/usr/local/sbin:/usr/local/bin:/usr/sbin:/usr/bin:/sbin:/bin:/usr/games:/usr/local/games:/snap/bin
10 verbose lifecycle biljett-react@1.0.0~back: CWD: /home/will/biljett-react
11 silly lifecycle biljett-react@1.0.0~back: Args: [ '-c', 'python ./backend/manage.py runserver localhost:8000' ]
12 silly lifecycle biljett-react@1.0.0~back: Returned: code: 1  signal: null
13 info lifecycle biljett-react@1.0.0~back: Failed to exec back script
14 verbose stack Error: biljett-react@1.0.0 back: `python ./backend/manage.py runserver localhost:8000`
14 verbose stack Exit status 1
14 verbose stack     at EventEmitter.<anonymous> (/usr/share/npm/lib/utils/lifecycle.js:232:16)
14 verbose stack     at emitTwo (events.js:126:13)
14 verbose stack     at EventEmitter.emit (events.js:214:7)
14 verbose stack     at ChildProcess.<anonymous> (/usr/share/npm/lib/utils/spawn.js:24:14)
14 verbose stack     at emitTwo (events.js:126:13)
14 verbose stack     at ChildProcess.emit (events.js:214:7)
14 verbose stack     at maybeClose (internal/child_process.js:925:16)
14 verbose stack     at Process.ChildProcess._handle.onexit (internal/child_process.js:209:5)
15 verbose pkgid biljett-react@1.0.0
16 verbose cwd /home/will/biljett-react
17 error Linux 4.15.0-69-generic
18 error argv "/usr/bin/node" "/usr/bin/npm" "run" "back"
19 error node v8.10.0
20 error npm  v3.5.2
21 error code ELIFECYCLE
22 error biljett-react@1.0.0 back: `python ./backend/manage.py runserver localhost:8000`
22 error Exit status 1
23 error Failed at the biljett-react@1.0.0 back script 'python ./backend/manage.py runserver localhost:8000'.
23 error Make sure you have the latest version of node.js and npm installed.
23 error If you do, this is most likely a problem with the biljett-react package,
23 error not with npm itself.
23 error Tell the author that this fails on your system:
23 error     python ./backend/manage.py runserver localhost:8000
23 error You can get information on how to open an issue for this project with:
23 error     npm bugs biljett-react
23 error Or if that isn't available, you can get their info via:
23 error     npm owner ls biljett-react
23 error There is likely additional logging output above.
24 verbose exit [ 1, true ]
